#
# There is insufficient memory for the Java Runtime Environment to continue.
# Native memory allocation (mmap) failed to map 59768832 bytes for G1 virtual space
# Possible reasons:
#   The system is out of physical RAM or swap space
#   The process is running with CompressedOops enabled, and the Java Heap may be blocking the growth of the native heap
# Possible solutions:
#   Reduce memory load on the system
#   Increase physical memory or swap space
#   Check if swap backing store is full
#   Decrease Java heap size (-Xmx/-Xms)
#   Decrease number of Java threads
#   Decrease Java thread stack sizes (-Xss)
#   Set larger code cache with -XX:ReservedCodeCacheSize=
#   JVM is running with Unscaled Compressed Oops mode in which the Java heap is
#     placed in the first 4GB address space. The Java Heap base address is the
#     maximum limit for the native heap growth. Please use -XX:HeapBaseMinAddress
#     to set the Java Heap base and to place the Java Heap above 4GB virtual address.
# This output file may be truncated or incomplete.
#
#  Out of Memory Error (os_windows.cpp:3559), pid=16288, tid=8368
#
# JRE version: OpenJDK Runtime Environment Temurin-17.0.7+7 (17.0.7+7) (build 17.0.7+7)
# Java VM: OpenJDK 64-Bit Server VM Temurin-17.0.7+7 (17.0.7+7, mixed mode, sharing, tiered, compressed oops, compressed class ptrs, g1 gc, windows-amd64)
# No core dump will be written. Minidumps are not enabled by default on client versions of Windows
#

---------------  S U M M A R Y ------------

Command Line: -Dclassworlds.conf=C:\Program Files\Maven\apache-maven-3.9.2\bin\m2.conf -Dmaven.home=C:\Program Files\Maven\apache-maven-3.9.2 -Dlibrary.jansi.path=C:\Program Files\Maven\apache-maven-3.9.2\lib\jansi-native -Dmaven.multiModuleProjectDirectory=C:\Bryan Andrés Osorio Monsalve\Cursos\carrito org.codehaus.plexus.classworlds.launcher.Launcher clean install

Host: Intel(R) Core(TM) i3-10110U CPU @ 2.10GHz, 4 cores, 3G,  Windows 10 , 64 bit Build 19041 (10.0.19041.2913)
Time: Thu Jun  1 10:34:50 2023 Hora est. Pacífico, Sudamérica elapsed time: 53.239595 seconds (0d 0h 0m 53s)

---------------  T H R E A D  ---------------

Current thread (0x0000027494af4680):  VMThread "VM Thread" [stack: 0x000000a706000000,0x000000a706100000] [id=8368]

Stack: [0x000000a706000000,0x000000a706100000]
Native frames: (J=compiled Java code, j=interpreted, Vv=VM code, C=native code)
V  [jvm.dll+0x67754a]
V  [jvm.dll+0x834304]
V  [jvm.dll+0x835aae]
V  [jvm.dll+0x836113]
V  [jvm.dll+0x24696f]
V  [jvm.dll+0x6743f9]
V  [jvm.dll+0x668c8a]
V  [jvm.dll+0x3061bb]
V  [jvm.dll+0x30d6a6]
V  [jvm.dll+0x35cece]
V  [jvm.dll+0x35d0ff]
V  [jvm.dll+0x2dd048]
V  [jvm.dll+0x2db20c]
V  [jvm.dll+0x2da7dc]
V  [jvm.dll+0x31e6db]
V  [jvm.dll+0x83a5bb]
V  [jvm.dll+0x83b2f4]
V  [jvm.dll+0x83b80c]
V  [jvm.dll+0x83bbe4]
V  [jvm.dll+0x83bcb0]
V  [jvm.dll+0x7e4e7a]
V  [jvm.dll+0x676395]
C  [ucrtbase.dll+0x21bb2]
C  [KERNEL32.DLL+0x17614]
C  [ntdll.dll+0x526a1]

VM_Operation (0x000000a705afbb60): G1CollectForAllocation, mode: safepoint, requested by thread 0x0000027494a3d000


---------------  P R O C E S S  ---------------

Threads class SMR info:
_java_thread_list=0x00000274b415bfc0, length=12, elements={
0x0000027494a3d000, 0x0000027494af91f0, 0x0000027494af9f70, 0x00000274afe2df80,
0x00000274afe30950, 0x00000274afe319b0, 0x00000274afe366b0, 0x00000274afe38a50,
0x00000274afe39af0, 0x00000274afe3cba0, 0x00000274b41790d0, 0x00000274b4186080
}

Java Threads: ( => current thread )
  0x0000027494a3d000 JavaThread "main" [_thread_blocked, id=18012, stack(0x000000a705a00000,0x000000a705b00000)]
  0x0000027494af91f0 JavaThread "Reference Handler" daemon [_thread_blocked, id=15212, stack(0x000000a706100000,0x000000a706200000)]
  0x0000027494af9f70 JavaThread "Finalizer" daemon [_thread_blocked, id=21068, stack(0x000000a706200000,0x000000a706300000)]
  0x00000274afe2df80 JavaThread "Signal Dispatcher" daemon [_thread_blocked, id=19708, stack(0x000000a706300000,0x000000a706400000)]
  0x00000274afe30950 JavaThread "Attach Listener" daemon [_thread_blocked, id=18076, stack(0x000000a706400000,0x000000a706500000)]
  0x00000274afe319b0 JavaThread "Service Thread" daemon [_thread_blocked, id=15840, stack(0x000000a706500000,0x000000a706600000)]
  0x00000274afe366b0 JavaThread "Monitor Deflation Thread" daemon [_thread_blocked, id=17428, stack(0x000000a706600000,0x000000a706700000)]
  0x00000274afe38a50 JavaThread "C2 CompilerThread0" daemon [_thread_blocked, id=19208, stack(0x000000a706700000,0x000000a706800000)]
  0x00000274afe39af0 JavaThread "C1 CompilerThread0" daemon [_thread_blocked, id=11524, stack(0x000000a706800000,0x000000a706900000)]
  0x00000274afe3cba0 JavaThread "Sweeper thread" daemon [_thread_blocked, id=20036, stack(0x000000a706900000,0x000000a706a00000)]
  0x00000274b41790d0 JavaThread "Notification Thread" daemon [_thread_blocked, id=20824, stack(0x000000a706a00000,0x000000a706b00000)]
  0x00000274b4186080 JavaThread "Common-Cleaner" daemon [_thread_blocked, id=19540, stack(0x000000a706c00000,0x000000a706d00000)]

Other Threads:
=>0x0000027494af4680 VMThread "VM Thread" [stack: 0x000000a706000000,0x000000a706100000] [id=8368]
  0x00000274b4183de0 WatcherThread [stack: 0x000000a706b00000,0x000000a706c00000] [id=9940]
  0x0000027494a79ee0 GCTaskThread "GC Thread#0" [stack: 0x000000a705b00000,0x000000a705c00000] [id=3368]
  0x00000274b49dbae0 GCTaskThread "GC Thread#1" [stack: 0x000000a706d00000,0x000000a706e00000] [id=11116]
  0x00000274b49c6de0 GCTaskThread "GC Thread#2" [stack: 0x000000a706e00000,0x000000a706f00000] [id=17780]
  0x00000274b49c7090 GCTaskThread "GC Thread#3" [stack: 0x000000a706f00000,0x000000a707000000] [id=10860]
  0x0000027494a83050 ConcurrentGCThread "G1 Main Marker" [stack: 0x000000a705c00000,0x000000a705d00000] [id=21396]
  0x0000027494a83970 ConcurrentGCThread "G1 Conc#0" [stack: 0x000000a705d00000,0x000000a705e00000] [id=13204]
  0x0000027494ac58e0 ConcurrentGCThread "G1 Refine#0" [stack: 0x000000a705e00000,0x000000a705f00000] [id=21488]
  0x00000274b45cbf30 ConcurrentGCThread "G1 Refine#1" [stack: 0x000000a707000000,0x000000a707100000] [id=14988]
  0x0000027494ac6210 ConcurrentGCThread "G1 Service" [stack: 0x000000a705f00000,0x000000a706000000] [id=8928]

Threads with active compile tasks:
C1 CompilerThread0    53361 8585       3       org.apache.maven.model.merge.ModelMerger::mergeRepository_Releases (49 bytes)

VM state: at safepoint (normal execution)

VM Mutex/Monitor currently owned by a thread:  ([mutex/lock_event])
[0x0000027494a38350] Threads_lock - owner thread: 0x0000027494af4680
[0x0000027494a38d70] Heap_lock - owner thread: 0x0000027494a3d000

Heap address: 0x00000000c2400000, size: 988 MB, Compressed Oops mode: 32-bit

CDS archive(s) mapped at: [0x0000000800000000-0x0000000800bc0000-0x0000000800bc0000), size 12320768, SharedBaseAddress: 0x0000000800000000, ArchiveRelocationMode: 0.
Compressed class space mapped at: 0x0000000801000000-0x0000000841000000, reserved size: 1073741824
Narrow klass base: 0x0000000800000000, Narrow klass shift: 0, Narrow klass range: 0x100000000

GC Precious Log:
 CPUs: 4 total, 4 available
 Memory: 3948M
 Large Page Support: Disabled
 NUMA Support: Disabled
 Compressed Oops: Enabled (32-bit)
 Heap Region Size: 1M
 Heap Min Capacity: 8M
 Heap Initial Capacity: 62M
 Heap Max Capacity: 988M
 Pre-touch: Disabled
 Parallel Workers: 4
 Concurrent Workers: 1
 Concurrent Refinement Workers: 4
 Periodic GC: Disabled

Heap:
 garbage-first heap   total 104448K, used 53175K [0x00000000c2400000, 0x0000000100000000)
  region size 1024K, 1 young (1024K), 1 survivors (1024K)
 Metaspace       used 37903K, committed 38272K, reserved 1114112K
  class space    used 4339K, committed 4544K, reserved 1048576K

Heap Regions: E=young(eden), S=young(survivor), O=old, HS=humongous(starts), HC=humongous(continues), CS=collection set, F=free, OA=open archive, CA=closed archive, TAMS=top-at-mark-start (previous, next)
|   0|0x00000000c2400000, 0x00000000c2500000, 0x00000000c2500000|100%| O|  |TAMS 0x00000000c2500000, 0x00000000c2400000| Untracked 
|   1|0x00000000c2500000, 0x00000000c2600000, 0x00000000c2600000|100%| O|  |TAMS 0x00000000c2600000, 0x00000000c2500000| Untracked 
|   2|0x00000000c2600000, 0x00000000c2700000, 0x00000000c2700000|100%| O|  |TAMS 0x00000000c2700000, 0x00000000c2600000| Untracked 
|   3|0x00000000c2700000, 0x00000000c2800000, 0x00000000c2800000|100%| O|  |TAMS 0x00000000c2800000, 0x00000000c2700000| Untracked 
|   4|0x00000000c2800000, 0x00000000c2900000, 0x00000000c2900000|100%| O|  |TAMS 0x00000000c2900000, 0x00000000c2800000| Untracked 
|   5|0x00000000c2900000, 0x00000000c2a00000, 0x00000000c2a00000|100%| O|  |TAMS 0x00000000c2a00000, 0x00000000c2900000| Untracked 
|   6|0x00000000c2a00000, 0x00000000c2b00000, 0x00000000c2b00000|100%| O|  |TAMS 0x00000000c2b00000, 0x00000000c2a00000| Untracked 
|   7|0x00000000c2b00000, 0x00000000c2c00000, 0x00000000c2c00000|100%| O|  |TAMS 0x00000000c2c00000, 0x00000000c2b00000| Untracked 
|   8|0x00000000c2c00000, 0x00000000c2d00000, 0x00000000c2d00000|100%| O|  |TAMS 0x00000000c2d00000, 0x00000000c2c00000| Untracked 
|   9|0x00000000c2d00000, 0x00000000c2e00000, 0x00000000c2e00000|100%| O|  |TAMS 0x00000000c2e00000, 0x00000000c2d00000| Untracked 
|  10|0x00000000c2e00000, 0x00000000c2f00000, 0x00000000c2f00000|100%| O|  |TAMS 0x00000000c2f00000, 0x00000000c2e00000| Untracked 
|  11|0x00000000c2f00000, 0x00000000c3000000, 0x00000000c3000000|100%| O|  |TAMS 0x00000000c3000000, 0x00000000c2f00000| Untracked 
|  12|0x00000000c3000000, 0x00000000c3100000, 0x00000000c3100000|100%| O|  |TAMS 0x00000000c3100000, 0x00000000c3000000| Untracked 
|  13|0x00000000c3100000, 0x00000000c3200000, 0x00000000c3200000|100%| O|  |TAMS 0x00000000c3200000, 0x00000000c3100000| Untracked 
|  14|0x00000000c3200000, 0x00000000c3300000, 0x00000000c3300000|100%| O|  |TAMS 0x00000000c3300000, 0x00000000c3200000| Untracked 
|  15|0x00000000c3300000, 0x00000000c3400000, 0x00000000c3400000|100%| O|  |TAMS 0x00000000c3400000, 0x00000000c3300000| Untracked 
|  16|0x00000000c3400000, 0x00000000c3500000, 0x00000000c3500000|100%|HS|  |TAMS 0x00000000c3500000, 0x00000000c3400000| Complete 
|  17|0x00000000c3500000, 0x00000000c3600000, 0x00000000c3600000|100%| O|  |TAMS 0x00000000c3500000, 0x00000000c3500000| Untracked 
|  18|0x00000000c3600000, 0x00000000c3700000, 0x00000000c3700000|100%| O|  |TAMS 0x00000000c3600000, 0x00000000c3600000| Untracked 
|  19|0x00000000c3700000, 0x00000000c3800000, 0x00000000c3800000|100%| O|  |TAMS 0x00000000c3700000, 0x00000000c3700000| Untracked 
|  20|0x00000000c3800000, 0x00000000c3900000, 0x00000000c3900000|100%| O|  |TAMS 0x00000000c3900000, 0x00000000c3800000| Untracked 
|  21|0x00000000c3900000, 0x00000000c3a00000, 0x00000000c3a00000|100%| O|  |TAMS 0x00000000c3a00000, 0x00000000c3900000| Untracked 
|  22|0x00000000c3a00000, 0x00000000c3b00000, 0x00000000c3b00000|100%| O|  |TAMS 0x00000000c3b00000, 0x00000000c3a00000| Untracked 
|  23|0x00000000c3b00000, 0x00000000c3c00000, 0x00000000c3c00000|100%| O|  |TAMS 0x00000000c3c00000, 0x00000000c3b00000| Untracked 
|  24|0x00000000c3c00000, 0x00000000c3d00000, 0x00000000c3d00000|100%| O|  |TAMS 0x00000000c3d00000, 0x00000000c3c00000| Untracked 
|  25|0x00000000c3d00000, 0x00000000c3e00000, 0x00000000c3e00000|100%| O|  |TAMS 0x00000000c3e00000, 0x00000000c3d00000| Untracked 
|  26|0x00000000c3e00000, 0x00000000c3f00000, 0x00000000c3f00000|100%| O|  |TAMS 0x00000000c3f00000, 0x00000000c3e00000| Untracked 
|  27|0x00000000c3f00000, 0x00000000c4000000, 0x00000000c4000000|100%| O|  |TAMS 0x00000000c3f00000, 0x00000000c3f00000| Untracked 
|  28|0x00000000c4000000, 0x00000000c4000000, 0x00000000c4100000|  0%| F|  |TAMS 0x00000000c4000000, 0x00000000c4000000| Untracked 
|  29|0x00000000c4100000, 0x00000000c4100000, 0x00000000c4200000|  0%| F|  |TAMS 0x00000000c4100000, 0x00000000c4100000| Untracked 
|  30|0x00000000c4200000, 0x00000000c4300000, 0x00000000c4300000|100%| O|  |TAMS 0x00000000c4200000, 0x00000000c4200000| Untracked 
|  31|0x00000000c4300000, 0x00000000c4400000, 0x00000000c4400000|100%| O|  |TAMS 0x00000000c4300000, 0x00000000c4300000| Untracked 
|  32|0x00000000c4400000, 0x00000000c4500000, 0x00000000c4500000|100%| O|  |TAMS 0x00000000c4400000, 0x00000000c4400000| Untracked 
|  33|0x00000000c4500000, 0x00000000c4500000, 0x00000000c4600000|  0%| F|  |TAMS 0x00000000c4500000, 0x00000000c4500000| Untracked 
|  34|0x00000000c4600000, 0x00000000c4700000, 0x00000000c4700000|100%|HS|  |TAMS 0x00000000c4700000, 0x00000000c4600000| Complete 
|  35|0x00000000c4700000, 0x00000000c4700000, 0x00000000c4800000|  0%| F|  |TAMS 0x00000000c4700000, 0x00000000c4700000| Untracked 
|  36|0x00000000c4800000, 0x00000000c4800000, 0x00000000c4900000|  0%| F|  |TAMS 0x00000000c4800000, 0x00000000c4800000| Untracked 
|  37|0x00000000c4900000, 0x00000000c4a00000, 0x00000000c4a00000|100%| O|  |TAMS 0x00000000c4900000, 0x00000000c4900000| Untracked 
|  38|0x00000000c4a00000, 0x00000000c4b00000, 0x00000000c4b00000|100%| O|  |TAMS 0x00000000c4a00000, 0x00000000c4a00000| Untracked 
|  39|0x00000000c4b00000, 0x00000000c4b00000, 0x00000000c4c00000|  0%| F|  |TAMS 0x00000000c4b00000, 0x00000000c4b00000| Untracked 
|  40|0x00000000c4c00000, 0x00000000c4c00000, 0x00000000c4d00000|  0%| F|  |TAMS 0x00000000c4c00000, 0x00000000c4c00000| Untracked 
|  41|0x00000000c4d00000, 0x00000000c4d00000, 0x00000000c4e00000|  0%| F|  |TAMS 0x00000000c4d00000, 0x00000000c4d00000| Untracked 
|  42|0x00000000c4e00000, 0x00000000c4e00000, 0x00000000c4f00000|  0%| F|  |TAMS 0x00000000c4e00000, 0x00000000c4e00000| Untracked 
|  43|0x00000000c4f00000, 0x00000000c4f00000, 0x00000000c5000000|  0%| F|  |TAMS 0x00000000c4f00000, 0x00000000c4f00000| Untracked 
|  44|0x00000000c5000000, 0x00000000c5000000, 0x00000000c5100000|  0%| F|  |TAMS 0x00000000c5000000, 0x00000000c5000000| Untracked 
|  45|0x00000000c5100000, 0x00000000c5100000, 0x00000000c5200000|  0%| F|  |TAMS 0x00000000c5100000, 0x00000000c5100000| Untracked 
|  46|0x00000000c5200000, 0x00000000c5300000, 0x00000000c5300000|100%|HS|  |TAMS 0x00000000c5300000, 0x00000000c5200000| Complete 
|  47|0x00000000c5300000, 0x00000000c5400000, 0x00000000c5400000|100%|HC|  |TAMS 0x00000000c5400000, 0x00000000c5300000| Complete 
|  48|0x00000000c5400000, 0x00000000c5500000, 0x00000000c5500000|100%| O|  |TAMS 0x00000000c5500000, 0x00000000c5400000| Untracked 
|  49|0x00000000c5500000, 0x00000000c5600000, 0x00000000c5600000|100%| O|  |TAMS 0x00000000c5600000, 0x00000000c5500000| Untracked 
|  50|0x00000000c5600000, 0x00000000c5600000, 0x00000000c5700000|  0%| F|  |TAMS 0x00000000c5600000, 0x00000000c5600000| Untracked 
|  51|0x00000000c5700000, 0x00000000c5800000, 0x00000000c5800000|100%| O|  |TAMS 0x00000000c5800000, 0x00000000c5700000| Untracked 
|  52|0x00000000c5800000, 0x00000000c5900000, 0x00000000c5900000|100%| O|  |TAMS 0x00000000c5900000, 0x00000000c5800000| Untracked 
|  53|0x00000000c5900000, 0x00000000c5a00000, 0x00000000c5a00000|100%| O|  |TAMS 0x00000000c5a00000, 0x00000000c5900000| Untracked 
|  54|0x00000000c5a00000, 0x00000000c5b00000, 0x00000000c5b00000|100%| O|  |TAMS 0x00000000c5b00000, 0x00000000c5a00000| Untracked 
|  55|0x00000000c5b00000, 0x00000000c5c00000, 0x00000000c5c00000|100%| O|  |TAMS 0x00000000c5c00000, 0x00000000c5b00000| Untracked 
|  56|0x00000000c5c00000, 0x00000000c5d00000, 0x00000000c5d00000|100%| O|  |TAMS 0x00000000c5d00000, 0x00000000c5c00000| Untracked 
|  57|0x00000000c5d00000, 0x00000000c5e00000, 0x00000000c5e00000|100%| O|  |TAMS 0x00000000c5e00000, 0x00000000c5d00000| Untracked 
|  58|0x00000000c5e00000, 0x00000000c5f00000, 0x00000000c5f00000|100%| O|  |TAMS 0x00000000c5f00000, 0x00000000c5e00000| Untracked 
|  59|0x00000000c5f00000, 0x00000000c6000000, 0x00000000c6000000|100%| O|  |TAMS 0x00000000c6000000, 0x00000000c5f00000| Untracked 
|  60|0x00000000c6000000, 0x00000000c6100000, 0x00000000c6100000|100%| O|  |TAMS 0x00000000c6100000, 0x00000000c6000000| Untracked 
|  61|0x00000000c6100000, 0x00000000c6200000, 0x00000000c6200000|100%| O|  |TAMS 0x00000000c6200000, 0x00000000c6100000| Untracked 
|  62|0x00000000c6200000, 0x00000000c6300000, 0x00000000c6300000|100%| O|  |TAMS 0x00000000c6300000, 0x00000000c6200000| Untracked 
|  63|0x00000000c6300000, 0x00000000c6400000, 0x00000000c6400000|100%| O|  |TAMS 0x00000000c6380000, 0x00000000c6300000| Untracked 
|  64|0x00000000c6400000, 0x00000000c6400000, 0x00000000c6500000|  0%| F|  |TAMS 0x00000000c6400000, 0x00000000c6400000| Untracked 
|  65|0x00000000c6500000, 0x00000000c6500000, 0x00000000c6600000|  0%| F|  |TAMS 0x00000000c6500000, 0x00000000c6500000| Untracked 
|  66|0x00000000c6600000, 0x00000000c6600000, 0x00000000c6700000|  0%| F|  |TAMS 0x00000000c6600000, 0x00000000c6600000| Untracked 
|  67|0x00000000c6700000, 0x00000000c6700000, 0x00000000c6800000|  0%| F|  |TAMS 0x00000000c6700000, 0x00000000c6700000| Untracked 
|  68|0x00000000c6800000, 0x00000000c6800000, 0x00000000c6900000|  0%| F|  |TAMS 0x00000000c6800000, 0x00000000c6800000| Untracked 
|  69|0x00000000c6900000, 0x00000000c6900000, 0x00000000c6a00000|  0%| F|  |TAMS 0x00000000c6900000, 0x00000000c6900000| Untracked 
|  70|0x00000000c6a00000, 0x00000000c6a00000, 0x00000000c6b00000|  0%| F|  |TAMS 0x00000000c6a00000, 0x00000000c6a00000| Untracked 
|  71|0x00000000c6b00000, 0x00000000c6b00000, 0x00000000c6c00000|  0%| F|  |TAMS 0x00000000c6b00000, 0x00000000c6b00000| Untracked 
|  72|0x00000000c6c00000, 0x00000000c6c00000, 0x00000000c6d00000|  0%| F|  |TAMS 0x00000000c6c00000, 0x00000000c6c00000| Untracked 
|  73|0x00000000c6d00000, 0x00000000c6d00000, 0x00000000c6e00000|  0%| F|  |TAMS 0x00000000c6d00000, 0x00000000c6d00000| Untracked 
|  74|0x00000000c6e00000, 0x00000000c6e00000, 0x00000000c6f00000|  0%| F|  |TAMS 0x00000000c6e00000, 0x00000000c6e00000| Untracked 
|  75|0x00000000c6f00000, 0x00000000c6f00000, 0x00000000c7000000|  0%| F|  |TAMS 0x00000000c6f00000, 0x00000000c6f00000| Untracked 
|  76|0x00000000c7000000, 0x00000000c7000000, 0x00000000c7100000|  0%| F|  |TAMS 0x00000000c7000000, 0x00000000c7000000| Untracked 
|  77|0x00000000c7100000, 0x00000000c7100000, 0x00000000c7200000|  0%| F|  |TAMS 0x00000000c7100000, 0x00000000c7100000| Untracked 
|  78|0x00000000c7200000, 0x00000000c7200000, 0x00000000c7300000|  0%| F|  |TAMS 0x00000000c7200000, 0x00000000c7200000| Untracked 
|  79|0x00000000c7300000, 0x00000000c7300000, 0x00000000c7400000|  0%| F|  |TAMS 0x00000000c7300000, 0x00000000c7300000| Untracked 
|  80|0x00000000c7400000, 0x00000000c74edd60, 0x00000000c7500000| 92%| S|CS|TAMS 0x00000000c7400000, 0x00000000c7400000| Complete 
|  81|0x00000000c7500000, 0x00000000c7500000, 0x00000000c7600000|  0%| F|  |TAMS 0x00000000c7500000, 0x00000000c7500000| Untracked 
|  82|0x00000000c7600000, 0x00000000c7600000, 0x00000000c7700000|  0%| F|  |TAMS 0x00000000c7600000, 0x00000000c7600000| Untracked 
|  83|0x00000000c7700000, 0x00000000c7700000, 0x00000000c7800000|  0%| F|  |TAMS 0x00000000c7700000, 0x00000000c7700000| Untracked 
|  84|0x00000000c7800000, 0x00000000c7800000, 0x00000000c7900000|  0%| F|  |TAMS 0x00000000c7800000, 0x00000000c7800000| Untracked 
|  85|0x00000000c7900000, 0x00000000c7900000, 0x00000000c7a00000|  0%| F|  |TAMS 0x00000000c7900000, 0x00000000c7900000| Untracked 
|  86|0x00000000c7a00000, 0x00000000c7a00000, 0x00000000c7b00000|  0%| F|  |TAMS 0x00000000c7a00000, 0x00000000c7a00000| Untracked 
|  87|0x00000000c7b00000, 0x00000000c7b00000, 0x00000000c7c00000|  0%| F|  |TAMS 0x00000000c7b00000, 0x00000000c7b00000| Untracked 
|  88|0x00000000c7c00000, 0x00000000c7c00000, 0x00000000c7d00000|  0%| F|  |TAMS 0x00000000c7c00000, 0x00000000c7c00000| Untracked 
|  89|0x00000000c7d00000, 0x00000000c7d00000, 0x00000000c7e00000|  0%| F|  |TAMS 0x00000000c7d00000, 0x00000000c7d00000| Untracked 
|  90|0x00000000c7e00000, 0x00000000c7e00000, 0x00000000c7f00000|  0%| F|  |TAMS 0x00000000c7e00000, 0x00000000c7e00000| Untracked 
|  91|0x00000000c7f00000, 0x00000000c7f00000, 0x00000000c8000000|  0%| F|  |TAMS 0x00000000c7f00000, 0x00000000c7f00000| Untracked 
|  92|0x00000000c8000000, 0x00000000c8000000, 0x00000000c8100000|  0%| F|  |TAMS 0x00000000c8000000, 0x00000000c8000000| Untracked 
|  93|0x00000000c8100000, 0x00000000c8100000, 0x00000000c8200000|  0%| F|  |TAMS 0x00000000c8100000, 0x00000000c8100000| Untracked 
|  94|0x00000000c8200000, 0x00000000c8200000, 0x00000000c8300000|  0%| F|  |TAMS 0x00000000c8200000, 0x00000000c8200000| Untracked 
|  95|0x00000000c8300000, 0x00000000c8300000, 0x00000000c8400000|  0%| F|  |TAMS 0x00000000c8300000, 0x00000000c8300000| Untracked 
|  96|0x00000000c8400000, 0x00000000c8400000, 0x00000000c8500000|  0%| F|  |TAMS 0x00000000c8400000, 0x00000000c8400000| Untracked 
|  97|0x00000000c8500000, 0x00000000c8500000, 0x00000000c8600000|  0%| F|  |TAMS 0x00000000c8500000, 0x00000000c8500000| Untracked 
|  98|0x00000000c8600000, 0x00000000c8600000, 0x00000000c8700000|  0%| F|  |TAMS 0x00000000c8600000, 0x00000000c8600000| Untracked 
|  99|0x00000000c8700000, 0x00000000c8700000, 0x00000000c8800000|  0%| F|  |TAMS 0x00000000c8700000, 0x00000000c8700000| Untracked 
| 100|0x00000000c8800000, 0x00000000c8800000, 0x00000000c8900000|  0%| F|  |TAMS 0x00000000c8800000, 0x00000000c8800000| Untracked 
| 101|0x00000000c8900000, 0x00000000c8900000, 0x00000000c8a00000|  0%| F|  |TAMS 0x00000000c8900000, 0x00000000c8900000| Untracked 

Card table byte_map: [0x00000274ab720000,0x00000274ab910000] _byte_map_base: 0x00000274ab10e000

Marking Bits (Prev, Next): (CMBitMap*) 0x0000027494a7a400, (CMBitMap*) 0x0000027494a7a440
 Prev Bits: [0x00000274abb00000, 0x00000274aca70000)
 Next Bits: [0x00000274aca70000, 0x00000274ad9e0000)

Polling page: 0x0000027492870000

Metaspace:

Usage:
  Non-class:     32.78 MB used.
      Class:      4.24 MB used.
       Both:     37.01 MB used.

Virtual space:
  Non-class space:       64.00 MB reserved,      32.94 MB ( 51%) committed,  1 nodes.
      Class space:        1.00 GB reserved,       4.44 MB ( <1%) committed,  1 nodes.
             Both:        1.06 GB reserved,      37.38 MB (  3%) committed. 

Chunk freelists:
   Non-Class:  14.57 MB
       Class:  11.54 MB
        Both:  26.11 MB

MaxMetaspaceSize: unlimited
CompressedClassSpaceSize: 1.00 GB
Initial GC threshold: 21.00 MB
Current GC threshold: 62.75 MB
CDS: on
MetaspaceReclaimPolicy: balanced
 - commit_granule_bytes: 65536.
 - commit_granule_words: 8192.
 - virtual_space_node_default_size: 8388608.
 - enlarge_chunks_in_place: 1.
 - new_chunks_are_fully_committed: 0.
 - uncommit_free_chunks: 1.
 - use_allocation_guard: 0.
 - handle_deallocations: 1.


Internal statistics:

num_allocs_failed_limit: 6.
num_arena_births: 278.
num_arena_deaths: 8.
num_vsnodes_births: 2.
num_vsnodes_deaths: 0.
num_space_committed: 614.
num_space_uncommitted: 16.
num_chunks_returned_to_freelist: 99.
num_chunks_taken_from_freelist: 1607.
num_chunk_merges: 23.
num_chunk_splits: 1081.
num_chunks_enlarged: 814.
num_inconsistent_stats: 0.

CodeHeap 'non-profiled nmethods': size=120000Kb used=3831Kb max_used=4089Kb free=116168Kb
 bounds [0x00000274a4000000, 0x00000274a4410000, 0x00000274ab530000]
CodeHeap 'profiled nmethods': size=120000Kb used=14938Kb max_used=16551Kb free=105062Kb
 bounds [0x000002749c530000, 0x000002749d560000, 0x00000274a3a60000]
CodeHeap 'non-nmethods': size=5760Kb used=1270Kb max_used=1348Kb free=4489Kb
 bounds [0x00000274a3a60000, 0x00000274a3cd0000, 0x00000274a4000000]
 total_blobs=7614 nmethods=7030 adapters=496
 compilation: enabled
              stopped_count=0, restarted_count=0
 full_count=0

Compilation events (20 events):
Event: 52.862 Thread 0x00000274afe39af0 8576       3       java.util.Formatter$FixedString::print (26 bytes)
Event: 52.863 Thread 0x00000274afe39af0 nmethod 8576 0x000002749c982d90 code [0x000002749c982f40, 0x000002749c983128]
Event: 52.863 Thread 0x00000274afe39af0 8577       3       java.lang.StringBuilder::append (8 bytes)
Event: 52.863 Thread 0x00000274afe39af0 nmethod 8577 0x000002749c9af290 code [0x000002749c9af440, 0x000002749c9af5e8]
Event: 53.004 Thread 0x00000274afe38a50 nmethod 8574 0x00000274a4087a10 code [0x00000274a4087ce0, 0x00000274a408ad70]
Event: 53.027 Thread 0x00000274afe38a50 8578   !   4       org.apache.maven.model.Contributor::clone (126 bytes)
Event: 53.073 Thread 0x00000274afe39af0 8579       1       org.apache.maven.model.Site::getUrl (5 bytes)
Event: 53.073 Thread 0x00000274afe39af0 nmethod 8579 0x00000274a42e3490 code [0x00000274a42e3620, 0x00000274a42e36f8]
Event: 53.073 Thread 0x00000274afe39af0 8580       3       java.util.Vector::<init> (49 bytes)
Event: 53.074 Thread 0x00000274afe39af0 nmethod 8580 0x000002749d08fe90 code [0x000002749d0900e0, 0x000002749d090978]
Event: 53.114 Thread 0x00000274afe38a50 nmethod 8578 0x00000274a418a110 code [0x00000274a418a380, 0x00000274a418c5b0]
Event: 53.188 Thread 0x00000274afe39af0 8581       3       org.apache.maven.model.merge.ModelMerger::mergeRepositoryBase_Id (43 bytes)
Event: 53.189 Thread 0x00000274afe39af0 nmethod 8581 0x000002749c78b010 code [0x000002749c78b1e0, 0x000002749c78b778]
Event: 53.189 Thread 0x00000274afe39af0 8582       3       org.apache.maven.model.merge.ModelMerger::mergeRepositoryBase_Name (41 bytes)
Event: 53.189 Thread 0x00000274afe39af0 nmethod 8582 0x000002749c81de10 code [0x000002749c81dfe0, 0x000002749c81e578]
Event: 53.190 Thread 0x00000274afe39af0 8583       3       org.apache.maven.model.merge.ModelMerger::mergeRepositoryBase_Url (41 bytes)
Event: 53.190 Thread 0x00000274afe39af0 nmethod 8583 0x000002749cab7010 code [0x000002749cab71e0, 0x000002749cab7778]
Event: 53.193 Thread 0x00000274afe39af0 8584       3       org.apache.maven.model.merge.ModelMerger::mergeRepositoryBase (37 bytes)
Event: 53.193 Thread 0x00000274afe39af0 nmethod 8584 0x000002749c585790 code [0x000002749c585960, 0x000002749c585db8]
Event: 53.193 Thread 0x00000274afe39af0 8585       3       org.apache.maven.model.merge.ModelMerger::mergeRepository_Releases (49 bytes)

GC Heap History (20 events):
Event: 36.089 GC heap after
{Heap after GC invocations=27 (full 0):
 garbage-first heap   total 87040K, used 45992K [0x00000000c2400000, 0x0000000100000000)
  region size 1024K, 1 young (1024K), 1 survivors (1024K)
 Metaspace       used 36453K, committed 36800K, reserved 1114112K
  class space    used 4176K, committed 4352K, reserved 1048576K
}
Event: 36.431 GC heap before
{Heap before GC invocations=28 (full 0):
 garbage-first heap   total 87040K, used 48040K [0x00000000c2400000, 0x0000000100000000)
  region size 1024K, 4 young (4096K), 1 survivors (1024K)
 Metaspace       used 37267K, committed 37568K, reserved 1114112K
  class space    used 4304K, committed 4480K, reserved 1048576K
}
Event: 36.438 GC heap after
{Heap after GC invocations=29 (full 0):
 garbage-first heap   total 87040K, used 46402K [0x00000000c2400000, 0x0000000100000000)
  region size 1024K, 1 young (1024K), 1 survivors (1024K)
 Metaspace       used 37267K, committed 37568K, reserved 1114112K
  class space    used 4304K, committed 4480K, reserved 1048576K
}
Event: 41.206 GC heap before
{Heap before GC invocations=30 (full 0):
 garbage-first heap   total 87040K, used 61762K [0x00000000c2400000, 0x0000000100000000)
  region size 1024K, 17 young (17408K), 1 survivors (1024K)
 Metaspace       used 38127K, committed 38528K, reserved 1114112K
  class space    used 4376K, committed 4608K, reserved 1048576K
}
Event: 41.216 GC heap after
{Heap after GC invocations=31 (full 0):
 garbage-first heap   total 104448K, used 47286K [0x00000000c2400000, 0x0000000100000000)
  region size 1024K, 2 young (2048K), 2 survivors (2048K)
 Metaspace       used 38127K, committed 38528K, reserved 1114112K
  class space    used 4376K, committed 4608K, reserved 1048576K
}
Event: 41.474 GC heap before
{Heap before GC invocations=31 (full 0):
 garbage-first heap   total 104448K, used 49334K [0x00000000c2400000, 0x0000000100000000)
  region size 1024K, 4 young (4096K), 2 survivors (2048K)
 Metaspace       used 38131K, committed 38528K, reserved 1114112K
  class space    used 4376K, committed 4608K, reserved 1048576K
}
Event: 41.482 GC heap after
{Heap after GC invocations=32 (full 0):
 garbage-first heap   total 104448K, used 47362K [0x00000000c2400000, 0x0000000100000000)
  region size 1024K, 2 young (2048K), 2 survivors (2048K)
 Metaspace       used 38131K, committed 38528K, reserved 1114112K
  class space    used 4376K, committed 4608K, reserved 1048576K
}
Event: 42.189 GC heap before
{Heap before GC invocations=32 (full 0):
 garbage-first heap   total 104448K, used 57602K [0x00000000c2400000, 0x0000000100000000)
  region size 1024K, 11 young (11264K), 2 survivors (2048K)
 Metaspace       used 38138K, committed 38528K, reserved 1114112K
  class space    used 4376K, committed 4608K, reserved 1048576K
}
Event: 42.223 GC heap after
{Heap after GC invocations=33 (full 0):
 garbage-first heap   total 104448K, used 55747K [0x00000000c2400000, 0x0000000100000000)
  region size 1024K, 5 young (5120K), 5 survivors (5120K)
 Metaspace       used 38138K, committed 38528K, reserved 1114112K
  class space    used 4376K, committed 4608K, reserved 1048576K
}
Event: 44.391 GC heap before
{Heap before GC invocations=34 (full 0):
 garbage-first heap   total 104448K, used 73155K [0x00000000c2400000, 0x0000000100000000)
  region size 1024K, 22 young (22528K), 5 survivors (5120K)
 Metaspace       used 38203K, committed 38656K, reserved 1114112K
  class space    used 4377K, committed 4608K, reserved 1048576K
}
Event: 44.442 GC heap after
{Heap after GC invocations=35 (full 0):
 garbage-first heap   total 104448K, used 62265K [0x00000000c2400000, 0x0000000100000000)
  region size 1024K, 3 young (3072K), 3 survivors (3072K)
 Metaspace       used 38203K, committed 38656K, reserved 1114112K
  class space    used 4377K, committed 4608K, reserved 1048576K
}
Event: 44.578 GC heap before
{Heap before GC invocations=35 (full 0):
 garbage-first heap   total 104448K, used 64313K [0x00000000c2400000, 0x0000000100000000)
  region size 1024K, 5 young (5120K), 3 survivors (3072K)
 Metaspace       used 38204K, committed 38656K, reserved 1114112K
  class space    used 4377K, committed 4608K, reserved 1048576K
}
Event: 44.603 GC heap after
{Heap after GC invocations=36 (full 0):
 garbage-first heap   total 104448K, used 55784K [0x00000000c2400000, 0x0000000100000000)
  region size 1024K, 1 young (1024K), 1 survivors (1024K)
 Metaspace       used 38204K, committed 38656K, reserved 1114112K
  class space    used 4377K, committed 4608K, reserved 1048576K
}
Event: 46.802 GC heap before
{Heap before GC invocations=36 (full 0):
 garbage-first heap   total 104448K, used 74216K [0x00000000c2400000, 0x0000000100000000)
  region size 1024K, 18 young (18432K), 1 survivors (1024K)
 Metaspace       used 38219K, committed 38656K, reserved 1114112K
  class space    used 4377K, committed 4608K, reserved 1048576K
}
Event: 46.813 GC heap after
{Heap after GC invocations=37 (full 0):
 garbage-first heap   total 104448K, used 61952K [0x00000000c2400000, 0x0000000100000000)
  region size 1024K, 3 young (3072K), 3 survivors (3072K)
 Metaspace       used 38219K, committed 38656K, reserved 1114112K
  class space    used 4377K, committed 4608K, reserved 1048576K
}
Event: 49.695 GC heap before
{Heap before GC invocations=38 (full 0):
 garbage-first heap   total 104448K, used 72192K [0x00000000c2400000, 0x0000000100000000)
  region size 1024K, 17 young (17408K), 3 survivors (3072K)
 Metaspace       used 37009K, committed 37632K, reserved 1114112K
  class space    used 4244K, committed 4544K, reserved 1048576K
}
Event: 49.715 GC heap after
{Heap after GC invocations=39 (full 0):
 garbage-first heap   total 104448K, used 60112K [0x00000000c2400000, 0x0000000100000000)
  region size 1024K, 1 young (1024K), 1 survivors (1024K)
 Metaspace       used 37009K, committed 37632K, reserved 1114112K
  class space    used 4244K, committed 4544K, reserved 1048576K
}
Event: 50.505 GC heap before
{Heap before GC invocations=39 (full 0):
 garbage-first heap   total 104448K, used 63184K [0x00000000c2400000, 0x0000000100000000)
  region size 1024K, 5 young (5120K), 1 survivors (1024K)
 Metaspace       used 37224K, committed 37696K, reserved 1114112K
  class space    used 4268K, committed 4544K, reserved 1048576K
}
Event: 50.528 GC heap after
{Heap after GC invocations=40 (full 0):
 garbage-first heap   total 104448K, used 53549K [0x00000000c2400000, 0x0000000100000000)
  region size 1024K, 1 young (1024K), 1 survivors (1024K)
 Metaspace       used 37224K, committed 37696K, reserved 1114112K
  class space    used 4268K, committed 4544K, reserved 1048576K
}
Event: 53.194 GC heap before
{Heap before GC invocations=40 (full 0):
 garbage-first heap   total 104448K, used 73005K [0x00000000c2400000, 0x0000000100000000)
  region size 1024K, 21 young (21504K), 1 survivors (1024K)
 Metaspace       used 37903K, committed 38272K, reserved 1114112K
  class space    used 4339K, committed 4544K, reserved 1048576K
}

Dll operation events (9 events):
Event: 0.148 Loaded shared library C:\Program Files\Eclipse Adoptium\jdk-17.0.7.7-hotspot\bin\java.dll
Event: 0.294 Loaded shared library C:\Program Files\Eclipse Adoptium\jdk-17.0.7.7-hotspot\bin\jsvml.dll
Event: 0.756 Loaded shared library C:\Program Files\Eclipse Adoptium\jdk-17.0.7.7-hotspot\bin\net.dll
Event: 0.797 Loaded shared library C:\Program Files\Eclipse Adoptium\jdk-17.0.7.7-hotspot\bin\nio.dll
Event: 1.190 Loaded shared library C:\Program Files\Eclipse Adoptium\jdk-17.0.7.7-hotspot\bin\zip.dll
Event: 12.908 Loaded shared library C:\Program Files\Eclipse Adoptium\jdk-17.0.7.7-hotspot\bin\jimage.dll
Event: 13.015 Loaded shared library C:\Program Files\Maven\apache-maven-3.9.2\lib\jansi-native\Windows\x86_64\jansi.dll
Event: 13.047 Loaded shared library C:\Program Files\Eclipse Adoptium\jdk-17.0.7.7-hotspot\bin\verify.dll
Event: 21.240 Loaded shared library C:\Program Files\Eclipse Adoptium\jdk-17.0.7.7-hotspot\bin\sunmscapi.dll

Deoptimization events (20 events):
Event: 41.894 Thread 0x0000027494a3d000 DEOPT PACKING pc=0x00000274a42f7940 sp=0x000000a705afcdc0
Event: 41.894 Thread 0x0000027494a3d000 DEOPT UNPACKING pc=0x00000274a3ab69a3 sp=0x000000a705afcdb0 mode 2
Event: 41.894 Thread 0x0000027494a3d000 Uncommon trap: trap_request=0xffffffde fr.pc=0x00000274a42f7940 relative=0x0000000000004460
Event: 41.894 Thread 0x0000027494a3d000 Uncommon trap: reason=class_check action=maybe_recompile pc=0x00000274a42f7940 method=com.sun.tools.javac.code.Symtab.lookupPackage(Lcom/sun/tools/javac/code/Symbol$ModuleSymbol;Lcom/sun/tools/javac/util/Name;Z)Lcom/sun/tools/javac/code/Symbol$PackageSymb
Event: 41.894 Thread 0x0000027494a3d000 DEOPT PACKING pc=0x00000274a42f7940 sp=0x000000a705afcdc0
Event: 41.899 Thread 0x0000027494a3d000 DEOPT UNPACKING pc=0x00000274a3ab69a3 sp=0x000000a705afcdb0 mode 2
Event: 41.899 Thread 0x0000027494a3d000 Uncommon trap: trap_request=0xffffffde fr.pc=0x00000274a42f7940 relative=0x0000000000004460
Event: 41.899 Thread 0x0000027494a3d000 Uncommon trap: reason=class_check action=maybe_recompile pc=0x00000274a42f7940 method=com.sun.tools.javac.code.Symtab.lookupPackage(Lcom/sun/tools/javac/code/Symbol$ModuleSymbol;Lcom/sun/tools/javac/util/Name;Z)Lcom/sun/tools/javac/code/Symbol$PackageSymb
Event: 41.899 Thread 0x0000027494a3d000 DEOPT PACKING pc=0x00000274a42f7940 sp=0x000000a705afcdc0
Event: 41.902 Thread 0x0000027494a3d000 DEOPT UNPACKING pc=0x00000274a3ab69a3 sp=0x000000a705afcdb0 mode 2
Event: 42.076 Thread 0x0000027494a3d000 DEOPT PACKING pc=0x000002749caa09bc sp=0x000000a705afc460
Event: 42.076 Thread 0x0000027494a3d000 DEOPT UNPACKING pc=0x00000274a3ab7143 sp=0x000000a705afb9e0 mode 0
Event: 46.045 Thread 0x0000027494a3d000 DEOPT PACKING pc=0x000002749d4f8ce0 sp=0x000000a705afc550
Event: 46.045 Thread 0x0000027494a3d000 DEOPT UNPACKING pc=0x00000274a3ab7143 sp=0x000000a705afba58 mode 0
Event: 46.102 Thread 0x0000027494a3d000 DEOPT PACKING pc=0x000002749d4f32f9 sp=0x000000a705afc630
Event: 46.102 Thread 0x0000027494a3d000 DEOPT UNPACKING pc=0x00000274a3ab7143 sp=0x000000a705afbba0 mode 0
Event: 46.843 Thread 0x0000027494a3d000 Uncommon trap: trap_request=0xffffff45 fr.pc=0x00000274a438a9c4 relative=0x0000000000000984
Event: 46.843 Thread 0x0000027494a3d000 Uncommon trap: reason=unstable_if action=reinterpret pc=0x00000274a438a9c4 method=com.sun.tools.javac.code.Types$15.visitClassType(Lcom/sun/tools/javac/code/Type$ClassType;Ljava/lang/Void;)Lcom/sun/tools/javac/code/Type; @ 43 c2
Event: 46.843 Thread 0x0000027494a3d000 DEOPT PACKING pc=0x00000274a438a9c4 sp=0x000000a705afc600
Event: 46.843 Thread 0x0000027494a3d000 DEOPT UNPACKING pc=0x00000274a3ab69a3 sp=0x000000a705afc550 mode 2

Classes unloaded (20 events):
Event: 46.919 Thread 0x0000027494af4680 Unloading class 0x0000000801416c00 'lombok/javac/apt/LombokFileObject'
Event: 46.919 Thread 0x0000027494af4680 Unloading class 0x0000000801416a00 'lombok/javac/apt/LombokFileObjects'
Event: 46.919 Thread 0x0000027494af4680 Unloading class 0x00000008014167c8 'lombok/javac/apt/MessagerDiagnosticsReceiver'
Event: 46.919 Thread 0x0000027494af4680 Unloading class 0x0000000801416420 'lombok/javac/apt/InterceptingJavaFileManager'
Event: 46.919 Thread 0x0000027494af4680 Unloading class 0x0000000801416218 'lombok/permit/dummy/Parent'
Event: 46.919 Thread 0x0000027494af4680 Unloading class 0x0000000801416000 'lombok/core/CleanupRegistry'
Event: 46.919 Thread 0x0000027494af4680 Unloading class 0x0000000801415ce8 'lombok/permit/Permit$Fake'
Event: 46.919 Thread 0x0000027494af4680 Unloading class 0x0000000801415ae8 'lombok/permit/Permit'
Event: 46.919 Thread 0x0000027494af4680 Unloading class 0x0000000801415800 'lombok/javac/apt/LombokProcessor$1'
Event: 46.919 Thread 0x0000027494af4680 Unloading class 0x0000000801414d88 'lombok/core/DiagnosticsReceiver'
Event: 46.919 Thread 0x0000027494af4680 Unloading class 0x0000000801414af0 'lombok/javac/apt/LombokProcessor'
Event: 46.919 Thread 0x0000027494af4680 Unloading class 0x00000008014148c0 'lombok/core/AnnotationProcessor$EcjDescriptor'
Event: 46.919 Thread 0x0000027494af4680 Unloading class 0x0000000801414688 'lombok/core/AnnotationProcessor$JavacDescriptor'
Event: 46.919 Thread 0x0000027494af4680 Unloading class 0x0000000801414280 'lombok/core/AnnotationProcessor$ProcessorDescriptor'
Event: 46.919 Thread 0x0000027494af4680 Unloading class 0x0000000801414000 'lombok/core/AnnotationProcessor'
Event: 46.919 Thread 0x0000027494af4680 Unloading class 0x0000000801415200 'lombok/launch/AnnotationProcessorHider$ClaimingProcessor'
Event: 46.919 Thread 0x0000027494af4680 Unloading class 0x0000000801415000 'lombok/launch/AnnotationProcessorHider$AstModificationNotifierData'
Event: 46.919 Thread 0x0000027494af4680 Unloading class 0x00000008013cc480 'lombok/launch/ShadowClassLoader'
Event: 46.919 Thread 0x0000027494af4680 Unloading class 0x00000008013cc280 'lombok/launch/Main'
Event: 46.919 Thread 0x0000027494af4680 Unloading class 0x00000008013cc000 'lombok/launch/AnnotationProcessorHider$AnnotationProcessor'

Classes redefined (0 events):
No events

Internal exceptions (20 events):
Event: 51.335 Thread 0x0000027494a3d000 Exception <a 'sun/nio/fs/WindowsException'{0x00000000c7f5b648}> (0x00000000c7f5b648) 
thrown [s\src\hotspot\share\prims\jni.cpp, line 516]
Event: 51.336 Thread 0x0000027494a3d000 Exception <a 'sun/nio/fs/WindowsException'{0x00000000c7f5b948}> (0x00000000c7f5b948) 
thrown [s\src\hotspot\share\prims\jni.cpp, line 516]
Event: 51.337 Thread 0x0000027494a3d000 Exception <a 'sun/nio/fs/WindowsException'{0x00000000c7f5c8a0}> (0x00000000c7f5c8a0) 
thrown [s\src\hotspot\share\prims\jni.cpp, line 516]
Event: 51.337 Thread 0x0000027494a3d000 Exception <a 'sun/nio/fs/WindowsException'{0x00000000c7f5cc60}> (0x00000000c7f5cc60) 
thrown [s\src\hotspot\share\prims\jni.cpp, line 516]
Event: 51.337 Thread 0x0000027494a3d000 Exception <a 'sun/nio/fs/WindowsException'{0x00000000c7f5dc80}> (0x00000000c7f5dc80) 
thrown [s\src\hotspot\share\prims\jni.cpp, line 516]
Event: 51.338 Thread 0x0000027494a3d000 Exception <a 'sun/nio/fs/WindowsException'{0x00000000c7f5dfb0}> (0x00000000c7f5dfb0) 
thrown [s\src\hotspot\share\prims\jni.cpp, line 516]
Event: 51.353 Thread 0x0000027494a3d000 Exception <a 'sun/nio/fs/WindowsException'{0x00000000c7f80098}> (0x00000000c7f80098) 
thrown [s\src\hotspot\share\prims\jni.cpp, line 516]
Event: 51.354 Thread 0x0000027494a3d000 Exception <a 'sun/nio/fs/WindowsException'{0x00000000c7f80398}> (0x00000000c7f80398) 
thrown [s\src\hotspot\share\prims\jni.cpp, line 516]
Event: 51.355 Thread 0x0000027494a3d000 Exception <a 'sun/nio/fs/WindowsException'{0x00000000c7f812f0}> (0x00000000c7f812f0) 
thrown [s\src\hotspot\share\prims\jni.cpp, line 516]
Event: 51.355 Thread 0x0000027494a3d000 Exception <a 'sun/nio/fs/WindowsException'{0x00000000c7f816b0}> (0x00000000c7f816b0) 
thrown [s\src\hotspot\share\prims\jni.cpp, line 516]
Event: 51.356 Thread 0x0000027494a3d000 Exception <a 'sun/nio/fs/WindowsException'{0x00000000c7f826d0}> (0x00000000c7f826d0) 
thrown [s\src\hotspot\share\prims\jni.cpp, line 516]
Event: 51.356 Thread 0x0000027494a3d000 Exception <a 'sun/nio/fs/WindowsException'{0x00000000c7f82a00}> (0x00000000c7f82a00) 
thrown [s\src\hotspot\share\prims\jni.cpp, line 516]
Event: 51.375 Thread 0x0000027494a3d000 Exception <a 'sun/nio/fs/WindowsException'{0x00000000c7e58648}> (0x00000000c7e58648) 
thrown [s\src\hotspot\share\prims\jni.cpp, line 516]
Event: 51.385 Thread 0x0000027494a3d000 Exception <a 'sun/nio/fs/WindowsException'{0x00000000c7e5e488}> (0x00000000c7e5e488) 
thrown [s\src\hotspot\share\prims\jni.cpp, line 516]
Event: 51.401 Thread 0x0000027494a3d000 Exception <a 'sun/nio/fs/WindowsException'{0x00000000c7e87508}> (0x00000000c7e87508) 
thrown [s\src\hotspot\share\prims\jni.cpp, line 516]
Event: 51.402 Thread 0x0000027494a3d000 Exception <a 'sun/nio/fs/WindowsException'{0x00000000c7e87c40}> (0x00000000c7e87c40) 
thrown [s\src\hotspot\share\prims\jni.cpp, line 516]
Event: 51.402 Thread 0x0000027494a3d000 Exception <a 'sun/nio/fs/WindowsException'{0x00000000c7e88200}> (0x00000000c7e88200) 
thrown [s\src\hotspot\share\prims\jni.cpp, line 516]
Event: 51.402 Thread 0x0000027494a3d000 Exception <a 'sun/nio/fs/WindowsException'{0x00000000c7e88918}> (0x00000000c7e88918) 
thrown [s\src\hotspot\share\prims\jni.cpp, line 516]
Event: 51.403 Thread 0x0000027494a3d000 Exception <a 'sun/nio/fs/WindowsException'{0x00000000c7e88be8}> (0x00000000c7e88be8) 
thrown [s\src\hotspot\share\prims\jni.cpp, line 516]
Event: 51.403 Thread 0x0000027494a3d000 Exception <a 'sun/nio/fs/WindowsException'{0x00000000c7e89878}> (0x00000000c7e89878) 
thrown [s\src\hotspot\share\prims\jni.cpp, line 516]

VM Operations (20 events):
Event: 46.813 Executing VM operation: G1CollectForAllocation done
Event: 46.910 Executing VM operation: G1Concurrent
Event: 47.198 Executing VM operation: G1Concurrent done
Event: 47.199 Executing VM operation: HandshakeAllThreads
Event: 47.264 Executing VM operation: HandshakeAllThreads done
Event: 47.264 Executing VM operation: G1Concurrent
Event: 47.346 Executing VM operation: G1Concurrent done
Event: 47.662 Executing VM operation: HandshakeAllThreads
Event: 47.662 Executing VM operation: HandshakeAllThreads done
Event: 48.677 Executing VM operation: Cleanup
Event: 48.677 Executing VM operation: Cleanup done
Event: 49.695 Executing VM operation: G1CollectForAllocation
Event: 49.717 Executing VM operation: G1CollectForAllocation done
Event: 50.505 Executing VM operation: G1CollectForAllocation
Event: 50.528 Executing VM operation: G1CollectForAllocation done
Event: 51.542 Executing VM operation: Cleanup
Event: 51.542 Executing VM operation: Cleanup done
Event: 52.551 Executing VM operation: Cleanup
Event: 52.551 Executing VM operation: Cleanup done
Event: 53.193 Executing VM operation: G1CollectForAllocation

Events (20 events):
Event: 47.682 Thread 0x00000274afe3cba0 flushing nmethod 0x000002749d2a4090
Event: 47.682 Thread 0x00000274afe3cba0 flushing nmethod 0x000002749d2a4b90
Event: 47.682 Thread 0x00000274afe3cba0 flushing nmethod 0x000002749d2a5510
Event: 47.682 Thread 0x00000274afe3cba0 flushing nmethod 0x000002749d2a6910
Event: 47.682 Thread 0x00000274afe3cba0 flushing nmethod 0x000002749d2a6d90
Event: 47.682 Thread 0x00000274afe3cba0 flushing nmethod 0x000002749d2a7210
Event: 47.682 Thread 0x00000274afe3cba0 flushing nmethod 0x000002749d2a7590
Event: 47.682 Thread 0x00000274afe3cba0 flushing nmethod 0x000002749d2bce10
Event: 47.682 Thread 0x00000274afe3cba0 flushing nmethod 0x000002749d2cb310
Event: 47.682 Thread 0x00000274afe3cba0 flushing nmethod 0x000002749d2de910
Event: 47.682 Thread 0x00000274afe3cba0 flushing nmethod 0x000002749d2dec90
Event: 47.683 Thread 0x00000274afe3cba0 flushing nmethod 0x000002749d2df010
Event: 47.683 Thread 0x00000274afe3cba0 flushing nmethod 0x000002749d2e2b90
Event: 47.683 Thread 0x00000274afe3cba0 flushing nmethod 0x000002749d2e7b10
Event: 47.683 Thread 0x00000274afe3cba0 flushing nmethod 0x000002749d2fce90
Event: 47.683 Thread 0x00000274afe3cba0 flushing nmethod 0x000002749d311790
Event: 47.683 Thread 0x00000274afe3cba0 flushing nmethod 0x000002749d35a590
Event: 47.683 Thread 0x00000274afe3cba0 flushing nmethod 0x000002749d373e90
Event: 47.684 Thread 0x00000274afe3cba0 flushing nmethod 0x000002749d3e1a10
Event: 47.684 Thread 0x00000274afe3cba0 flushing nmethod 0x000002749d47fe90


Dynamic libraries:
0x00007ff64c020000 - 0x00007ff64c02e000 	C:\Program Files\Eclipse Adoptium\jdk-17.0.7.7-hotspot\bin\java.exe
0x00007ff9662d0000 - 0x00007ff9664c8000 	C:\Windows\SYSTEM32\ntdll.dll
0x00007ff965f30000 - 0x00007ff965fef000 	C:\Windows\System32\KERNEL32.DLL
0x00007ff963ac0000 - 0x00007ff963db6000 	C:\Windows\System32\KERNELBASE.dll
0x00007ff964040000 - 0x00007ff964140000 	C:\Windows\System32\ucrtbase.dll
0x00007ff930ff0000 - 0x00007ff931009000 	C:\Program Files\Eclipse Adoptium\jdk-17.0.7.7-hotspot\bin\VCRUNTIME140.dll
0x00007ff9300a0000 - 0x00007ff9300b7000 	C:\Program Files\Eclipse Adoptium\jdk-17.0.7.7-hotspot\bin\jli.dll
0x00007ff9645f0000 - 0x00007ff96478d000 	C:\Windows\System32\USER32.dll
0x00007ff963dc0000 - 0x00007ff963de2000 	C:\Windows\System32\win32u.dll
0x00007ff964560000 - 0x00007ff96458c000 	C:\Windows\System32\GDI32.dll
0x00007ff9641e0000 - 0x00007ff9642f5000 	C:\Windows\System32\gdi32full.dll
0x00007ff964140000 - 0x00007ff9641dd000 	C:\Windows\System32\msvcp_win.dll
0x00007ff94edc0000 - 0x00007ff94f05a000 	C:\Windows\WinSxS\amd64_microsoft.windows.common-controls_6595b64144ccf1df_6.0.19041.1110_none_60b5254171f9507e\COMCTL32.dll
0x00007ff9644c0000 - 0x00007ff96455e000 	C:\Windows\System32\msvcrt.dll
0x00007ff964490000 - 0x00007ff9644c0000 	C:\Windows\System32\IMM32.DLL
0x00007ff93df60000 - 0x00007ff93df6c000 	C:\Program Files\Eclipse Adoptium\jdk-17.0.7.7-hotspot\bin\vcruntime140_1.dll
0x00007ff924b60000 - 0x00007ff924bf1000 	C:\Program Files\Eclipse Adoptium\jdk-17.0.7.7-hotspot\bin\msvcp140.dll
0x00007ff8d7740000 - 0x00007ff8d8388000 	C:\Program Files\Eclipse Adoptium\jdk-17.0.7.7-hotspot\bin\server\jvm.dll
0x00007ff964cc0000 - 0x00007ff964d6f000 	C:\Windows\System32\ADVAPI32.dll
0x00007ff964e60000 - 0x00007ff964efc000 	C:\Windows\System32\sechost.dll
0x00007ff966130000 - 0x00007ff966256000 	C:\Windows\System32\RPCRT4.dll
0x00007ff95b9d0000 - 0x00007ff95b9da000 	C:\Windows\SYSTEM32\VERSION.dll
0x00007ff94a900000 - 0x00007ff94a927000 	C:\Windows\SYSTEM32\WINMM.dll
0x00007ff940310000 - 0x00007ff940319000 	C:\Windows\SYSTEM32\WSOCK32.dll
0x00007ff965370000 - 0x00007ff9653db000 	C:\Windows\System32\WS2_32.dll
0x00007ff962100000 - 0x00007ff962112000 	C:\Windows\SYSTEM32\kernel.appcore.dll
0x00007ff937c40000 - 0x00007ff937c4a000 	C:\Program Files\Eclipse Adoptium\jdk-17.0.7.7-hotspot\bin\jimage.dll
0x00007ff9616c0000 - 0x00007ff9618a4000 	C:\Windows\SYSTEM32\DBGHELP.DLL
0x00007ff93ea80000 - 0x00007ff93eab4000 	C:\Windows\SYSTEM32\dbgcore.DLL
0x00007ff963980000 - 0x00007ff963a02000 	C:\Windows\System32\bcryptPrimitives.dll
0x00007ff92bef0000 - 0x00007ff92bf15000 	C:\Program Files\Eclipse Adoptium\jdk-17.0.7.7-hotspot\bin\java.dll
0x00007ff91c410000 - 0x00007ff91c4e6000 	C:\Program Files\Eclipse Adoptium\jdk-17.0.7.7-hotspot\bin\jsvml.dll
0x00007ff9655d0000 - 0x00007ff965d14000 	C:\Windows\System32\SHELL32.dll
0x00007ff961950000 - 0x00007ff9620e3000 	C:\Windows\SYSTEM32\windows.storage.dll
0x00007ff964790000 - 0x00007ff964ae4000 	C:\Windows\System32\combase.dll
0x00007ff963220000 - 0x00007ff96324e000 	C:\Windows\SYSTEM32\Wldp.dll
0x00007ff965ff0000 - 0x00007ff96609d000 	C:\Windows\System32\SHCORE.dll
0x00007ff964590000 - 0x00007ff9645e5000 	C:\Windows\System32\shlwapi.dll
0x00007ff9638c0000 - 0x00007ff9638df000 	C:\Windows\SYSTEM32\profapi.dll
0x00007ff924c90000 - 0x00007ff924ca9000 	C:\Program Files\Eclipse Adoptium\jdk-17.0.7.7-hotspot\bin\net.dll
0x00007ff9545f0000 - 0x00007ff9546fa000 	C:\Windows\SYSTEM32\WINHTTP.dll
0x00007ff963000000 - 0x00007ff96306a000 	C:\Windows\system32\mswsock.dll
0x00007ff924ab0000 - 0x00007ff924ac5000 	C:\Program Files\Eclipse Adoptium\jdk-17.0.7.7-hotspot\bin\nio.dll
0x00007ff924a90000 - 0x00007ff924aa8000 	C:\Program Files\Eclipse Adoptium\jdk-17.0.7.7-hotspot\bin\zip.dll
0x0000000069ac0000 - 0x0000000069ae4000 	C:\Program Files\Maven\apache-maven-3.9.2\lib\jansi-native\Windows\x86_64\jansi.dll
0x00007ff95f010000 - 0x00007ff95f020000 	C:\Program Files\Eclipse Adoptium\jdk-17.0.7.7-hotspot\bin\verify.dll
0x00007ff948580000 - 0x00007ff94858e000 	C:\Program Files\Eclipse Adoptium\jdk-17.0.7.7-hotspot\bin\sunmscapi.dll
0x00007ff963df0000 - 0x00007ff963f4e000 	C:\Windows\System32\CRYPT32.dll
0x00007ff9633e0000 - 0x00007ff963408000 	C:\Windows\SYSTEM32\ncrypt.dll
0x00007ff9633a0000 - 0x00007ff9633db000 	C:\Windows\SYSTEM32\NTASN1.dll
0x00007ff963260000 - 0x00007ff963278000 	C:\Windows\SYSTEM32\CRYPTSP.dll
0x00007ff962940000 - 0x00007ff962974000 	C:\Windows\system32\rsaenh.dll
0x00007ff963f50000 - 0x00007ff963f77000 	C:\Windows\System32\bcrypt.dll
0x00007ff963840000 - 0x00007ff96386e000 	C:\Windows\SYSTEM32\USERENV.dll
0x00007ff963190000 - 0x00007ff96319c000 	C:\Windows\SYSTEM32\CRYPTBASE.dll
0x00007ff962d10000 - 0x00007ff962d4c000 	C:\Windows\SYSTEM32\IPHLPAPI.DLL
0x00007ff9655c0000 - 0x00007ff9655c8000 	C:\Windows\System32\NSI.dll
0x00007ff95e070000 - 0x00007ff95e087000 	C:\Windows\SYSTEM32\dhcpcsvc6.DLL
0x00007ff95e1e0000 - 0x00007ff95e1fd000 	C:\Windows\SYSTEM32\dhcpcsvc.DLL
0x00007ff962d50000 - 0x00007ff962e1b000 	C:\Windows\SYSTEM32\DNSAPI.dll
0x000000006c480000 - 0x000000006c4a6000 	C:\Program Files\Bonjour\mdnsNSP.dll
0x00007ff9510b0000 - 0x00007ff9510ba000 	C:\Windows\System32\rasadhlp.dll
0x00007ff95ea60000 - 0x00007ff95eae2000 	C:\Windows\System32\fwpuclnt.dll

dbghelp: loaded successfully - version: 4.0.5 - missing functions: none
symbol engine: initialized successfully - sym options: 0x614 - pdb path: .;C:\Program Files\Eclipse Adoptium\jdk-17.0.7.7-hotspot\bin;C:\Windows\SYSTEM32;C:\Windows\WinSxS\amd64_microsoft.windows.common-controls_6595b64144ccf1df_6.0.19041.1110_none_60b5254171f9507e;C:\Program Files\Eclipse Adoptium\jdk-17.0.7.7-hotspot\bin\server;C:\Program Files\Maven\apache-maven-3.9.2\lib\jansi-native\Windows\x86_64;C:\Program Files\Bonjour

VM Arguments:
jvm_args: -Dclassworlds.conf=C:\Program Files\Maven\apache-maven-3.9.2\bin\m2.conf -Dmaven.home=C:\Program Files\Maven\apache-maven-3.9.2 -Dlibrary.jansi.path=C:\Program Files\Maven\apache-maven-3.9.2\lib\jansi-native -Dmaven.multiModuleProjectDirectory=C:\Bryan Andrés Osorio Monsalve\Cursos\carrito 
java_command: org.codehaus.plexus.classworlds.launcher.Launcher clean install
java_class_path (initial): C:\Program Files\Maven\apache-maven-3.9.2\boot\plexus-classworlds-2.7.0.jar
Launcher Type: SUN_STANDARD

[Global flags]
     intx CICompilerCount                          = 3                                         {product} {ergonomic}
     uint ConcGCThreads                            = 1                                         {product} {ergonomic}
     uint G1ConcRefinementThreads                  = 4                                         {product} {ergonomic}
   size_t G1HeapRegionSize                         = 1048576                                   {product} {ergonomic}
    uintx GCDrainStackTargetSize                   = 64                                        {product} {ergonomic}
   size_t InitialHeapSize                          = 65011712                                  {product} {ergonomic}
   size_t MarkStackSize                            = 4194304                                   {product} {ergonomic}
   size_t MaxHeapSize                              = 1035993088                                {product} {ergonomic}
   size_t MaxNewSize                               = 620756992                                 {product} {ergonomic}
   size_t MinHeapDeltaBytes                        = 1048576                                   {product} {ergonomic}
   size_t MinHeapSize                              = 8388608                                   {product} {ergonomic}
    uintx NonNMethodCodeHeapSize                   = 5832780                                {pd product} {ergonomic}
    uintx NonProfiledCodeHeapSize                  = 122912730                              {pd product} {ergonomic}
    uintx ProfiledCodeHeapSize                     = 122912730                              {pd product} {ergonomic}
    uintx ReservedCodeCacheSize                    = 251658240                              {pd product} {ergonomic}
     bool SegmentedCodeCache                       = true                                      {product} {ergonomic}
   size_t SoftMaxHeapSize                          = 1035993088                             {manageable} {ergonomic}
     bool UseCompressedClassPointers               = true                           {product lp64_product} {ergonomic}
     bool UseCompressedOops                        = true                           {product lp64_product} {ergonomic}
     bool UseG1GC                                  = true                                      {product} {ergonomic}
     bool UseLargePagesIndividualAllocation        = false                                  {pd product} {ergonomic}

Logging:
Log output configuration:
 #0: stdout all=warning uptime,level,tags
 #1: stderr all=off uptime,level,tags

Environment Variables:
JAVA_HOME=C:\Program Files\Eclipse Adoptium\jdk-17.0.7.7-hotspot\
PATH=C:\Program Files\Common Files\Oracle\Java\javapath;C:\Program Files\Eclipse Adoptium\jdk-17.0.7.7-hotspot\bin;C:\oracle\instantclient_21_10;C:\Program Files (x86)\VMware\VMware Workstation\bin\;C:\oraclexe\app\oracle\product\11.2.0\server\bin;C:\Program Files (x86)\Common Files\Oracle\Java\javapath;C:\Windows\system32;C:\Windows;C:\Windows\System32\Wbem;C:\Windows\System32\WindowsPowerShell\v1.0\;C:\Windows\System32\OpenSSH\;C:\Program Files\PuTTY\;C:\Program Files\Java\jdk1.8.0_221\bin;C:\Program Files\Java\jre1.8.0_221\bin;C:\xampp\php;C:\ProgramData\ComposerSetup\bin;C:\Program Files\Microsoft SQL Server\150\Tools\Binn\;C:\Program Files\Microsoft SQL Server\Client SDK\ODBC\170\Tools\Binn\;C:\Program Files\dotnet\;C:\Program Files (x86)\Common Files\Acronis\SnapAPI\;C:\Program Files (x86)\Common Files\Acronis\VirtualFile\;C:\Program Files (x86)\Common Files\Acronis\VirtualFile64\;C:\Program Files (x86)\Common Files\Acronis\FileProtector\;C:\Program Files (x86)\Common Files\Acronis\FileProtector64\;C:\Program Files\Microsoft SQL Server\120\Tools\Binn\;C:\Program Files (x86)\Microsoft SQL Server\150\Tools\Binn\;C:\Program Files\Microsoft SQL Server\150\DTS\Binn\;C:\Program Files (x86)\dotnet\;C:\Program Files\Git\cmd;C:\Program Files\nodejs\;C:\Program Files\Docker\Docker\resources\bin;C:\Program Files\Maven\apache-maven-3.9.2\bin;C:\Program Files\MySQL\MySQL Server 8.0\bin;C:\Program Files\MySQL\MySQL Shell 8.0\bin\;C:\Users\bosorio\AppData\Local\Microsoft\WindowsApps;C:\Users\bosorio\AppData\Roaming\Composer\vendor\bin;C:\Users\bosorio\.dotnet\tools;C:\Users\bosorio\AppData\Local\Programs\Microsoft VS Code\bin;C:\Users\bosorio\AppData\Roaming\npm;
USERNAME=bosorio
OS=Windows_NT
PROCESSOR_IDENTIFIER=Intel64 Family 6 Model 142 Stepping 12, GenuineIntel
TMP=C:\Users\bosorio\AppData\Local\Temp
TEMP=C:\Users\bosorio\AppData\Local\Temp



---------------  S Y S T E M  ---------------

OS:
 Windows 10 , 64 bit Build 19041 (10.0.19041.2913)
OS uptime: 1 days 1:57 hours
Hyper-V role detected

CPU: total 4 (initial active 4) (2 cores per cpu, 2 threads per core) family 6 model 142 stepping 12 microcode 0xde, cx8, cmov, fxsr, ht, mmx, 3dnowpref, sse, sse2, sse3, ssse3, sse4.1, sse4.2, popcnt, lzcnt, tsc, tscinvbit, avx, avx2, aes, erms, clmul, bmi1, bmi2, adx, fma, vzeroupper, clflush, clflushopt, hv

Memory: 4k page, system-wide physical 3948M (79M free)
TotalPageFile size 16236M (AvailPageFile size 68M)
current process WorkingSet (physical memory assigned to process): 186M, peak: 213M
current process commit charge ("private bytes"): 258M, peak: 324M

vm_info: OpenJDK 64-Bit Server VM (17.0.7+7) for windows-amd64 JRE (17.0.7+7), built on Apr 18 2023 22:10:42 by "temurin" with MS VC++ 16.7 (VS2019)

END.
